[0325/164244.488:ERROR:process_memory_win.cc(73)] ReadMemory at 0x7ff7ab0b0000 of 64 bytes failed: Kun en del af ReadProcessMemory- eller WriteProcessMemory- anmodningen blev gennemført. (0x12B)
[0325/164244.490:WARNING:pe_image_reader.cc(340)] could not read dos header from C:\Program Files (x86)\Google\Chrome\Application\chrome.exe
[0325/164244.490:ERROR:process_memory_win.cc(73)] ReadMemory at 0x7ff843f60000 of 64 bytes failed: Kun en del af ReadProcessMemory- eller WriteProcessMemory- anmodningen blev gennemført. (0x12B)
[0325/164244.490:WARNING:pe_image_reader.cc(340)] could not read dos header from C:\Windows\SYSTEM32\ntdll.dll
[0325/164244.490:ERROR:process_memory_win.cc(73)] ReadMemory at 0x7ff8436f0000 of 64 bytes failed: Kun en del af ReadProcessMemory- eller WriteProcessMemory- anmodningen blev gennemført. (0x12B)
[0325/164244.490:WARNING:pe_image_reader.cc(340)] could not read dos header from C:\Windows\System32\KERNEL32.DLL
[0325/164244.490:ERROR:process_memory_win.cc(73)] ReadMemory at 0x7ff840320000 of 64 bytes failed: Kun en del af ReadProcessMemory- eller WriteProcessMemory- anmodningen blev gennemført. (0x12B)
[0325/164244.491:WARNING:pe_image_reader.cc(340)] could not read dos header from C:\Windows\System32\KERNELBASE.dll
[0325/164244.491:ERROR:process_memory_win.cc(73)] ReadMemory at 0x7ffff61c0000 of 64 bytes failed: Kun en del af ReadProcessMemory- eller WriteProcessMemory- anmodningen blev gennemført. (0x12B)
[0325/164244.491:WARNING:pe_image_reader.cc(340)] could not read dos header from C:\Program Files (x86)\Google\Chrome\Application\80.0.3987.149\chrome_elf.dll
[0325/164244.491:ERROR:process_memory_win.cc(73)] ReadMemory at 0x7ff836780000 of 64 bytes failed: Kun en del af ReadProcessMemory- eller WriteProcessMemory- anmodningen blev gennemført. (0x12B)
[0325/164244.491:WARNING:pe_image_reader.cc(340)] could not read dos header from C:\Windows\SYSTEM32\VERSION.dll
[0325/164244.491:ERROR:process_memory_win.cc(73)] ReadMemory at 0x7ff841f60000 of 64 bytes failed: Kun en del af ReadProcessMemory- eller WriteProcessMemory- anmodningen blev gennemført. (0x12B)
[0325/164244.491:WARNING:pe_image_reader.cc(340)] could not read dos header from C:\Windows\System32\msvcrt.dll
[0325/164244.491:ERROR:process_memory_win.cc(73)] ReadMemory at 0x7ff8406c0000 of 64 bytes failed: Kun en del af ReadProcessMemory- eller WriteProcessMemory- anmodningen blev gennemført. (0x12B)
[0325/164244.491:WARNING:pe_image_reader.cc(340)] could not read dos header from C:\Windows\System32\bcryptPrimitives.dll
[0325/164244.491:ERROR:process_memory_win.cc(73)] ReadMemory at 0x7ff8413f0000 of 64 bytes failed: Kun en del af ReadProcessMemory- eller WriteProcessMemory- anmodningen blev gennemført. (0x12B)
[0325/164244.491:WARNING:pe_image_reader.cc(340)] could not read dos header from C:\Windows\System32\ADVAPI32.dll
[0325/164244.491:ERROR:process_memory_win.cc(73)] ReadMemory at 0x7ff8414a0000 of 64 bytes failed: Kun en del af ReadProcessMemory- eller WriteProcessMemory- anmodningen blev gennemført. (0x12B)
[0325/164244.491:WARNING:pe_image_reader.cc(340)] could not read dos header from C:\Windows\System32\sechost.dll
[0325/164244.491:ERROR:process_memory_win.cc(73)] ReadMemory at 0x7ff841cc0000 of 64 bytes failed: Kun en del af ReadProcessMemory- eller WriteProcessMemory- anmodningen blev gennemført. (0x12B)
[0325/164244.491:WARNING:pe_image_reader.cc(340)] could not read dos header from C:\Windows\System32\RPCRT4.dll
[0325/164244.491:ERROR:process_memory_win.cc(73)] ReadMemory at 0x7fffea820000 of 64 bytes failed: Kun en del af ReadProcessMemory- eller WriteProcessMemory- anmodningen blev gennemført. (0x12B)
[0325/164244.491:WARNING:pe_image_reader.cc(340)] could not read dos header from C:\Program Files (x86)\Google\Chrome\Application\80.0.3987.149\chrome.dll
[0325/164244.491:ERROR:process_memory_win.cc(73)] ReadMemory at 0x7ff843630000 of 64 bytes failed: Kun en del af ReadProcessMemory- eller WriteProcessMemory- anmodningen blev gennemført. (0x12B)
[0325/164244.491:WARNING:pe_image_reader.cc(340)] could not read dos header from C:\Windows\System32\WS2_32.dll
[0325/164244.492:ERROR:process_memory_win.cc(73)] ReadMemory at 0x7ff8417a0000 of 64 bytes failed: Kun en del af ReadProcessMemory- eller WriteProcessMemory- anmodningen blev gennemført. (0x12B)
[0325/164244.492:WARNING:pe_image_reader.cc(340)] could not read dos header from C:\Windows\System32\OLEAUT32.dll
[0325/164244.492:ERROR:process_memory_win.cc(73)] ReadMemory at 0x7ff840bd0000 of 64 bytes failed: Kun en del af ReadProcessMemory- eller WriteProcessMemory- anmodningen blev gennemført. (0x12B)
[0325/164244.492:WARNING:pe_image_reader.cc(340)] could not read dos header from C:\Windows\System32\msvcp_win.dll
[0325/164244.492:ERROR:process_memory_win.cc(73)] ReadMemory at 0x7ff8408e0000 of 64 bytes failed: Kun en del af ReadProcessMemory- eller WriteProcessMemory- anmodningen blev gennemført. (0x12B)
[0325/164244.492:WARNING:pe_image_reader.cc(340)] could not read dos header from C:\Windows\System32\ucrtbase.dll
[0325/164244.492:ERROR:process_memory_win.cc(73)] ReadMemory at 0x7ff843c00000 of 64 bytes failed: Kun en del af ReadProcessMemory- eller WriteProcessMemory- anmodningen blev gennemført. (0x12B)
[0325/164244.492:WARNING:pe_image_reader.cc(340)] could not read dos header from C:\Windows\System32\combase.dll
[0325/164244.492:ERROR:process_memory_win.cc(73)] ReadMemory at 0x7ff841380000 of 64 bytes failed: Kun en del af ReadProcessMemory- eller WriteProcessMemory- anmodningen blev gennemført. (0x12B)
[0325/164244.492:WARNING:pe_image_reader.cc(340)] could not read dos header from C:\Windows\System32\WINTRUST.dll
[0325/164244.492:ERROR:process_memory_win.cc(73)] ReadMemory at 0x7ff840300000 of 64 bytes failed: Kun en del af ReadProcessMemory- eller WriteProcessMemory- anmodningen blev gennemført. (0x12B)
[0325/164244.492:WARNING:pe_image_reader.cc(340)] could not read dos header from C:\Windows\System32\MSASN1.dll
[0325/164244.493:ERROR:process_memory_win.cc(73)] ReadMemory at 0x7ff8409e0000 of 64 bytes failed: Kun en del af ReadProcessMemory- eller WriteProcessMemory- anmodningen blev gennemført. (0x12B)
[0325/164244.493:WARNING:pe_image_reader.cc(340)] could not read dos header from C:\Windows\System32\CRYPT32.dll
[0325/164244.494:ERROR:process_memory_win.cc(73)] ReadMemory at 0x7ff83f7f0000 of 64 bytes failed: Kun en del af ReadProcessMemory- eller WriteProcessMemory- anmodningen blev gennemført. (0x12B)
[0325/164244.494:WARNING:pe_image_reader.cc(340)] could not read dos header from C:\Windows\SYSTEM32\IPHLPAPI.DLL
[0325/164244.494:ERROR:process_memory_win.cc(73)] ReadMemory at 0x7ff8380e0000 of 64 bytes failed: Kun en del af ReadProcessMemory- eller WriteProcessMemory- anmodningen blev gennemført. (0x12B)
[0325/164244.494:WARNING:pe_image_reader.cc(340)] could not read dos header from C:\Windows\SYSTEM32\WINMM.dll
[0325/164244.494:ERROR:process_memory_win.cc(73)] ReadMemory at 0x7ff838900000 of 64 bytes failed: Kun en del af ReadProcessMemory- eller WriteProcessMemory- anmodningen blev gennemført. (0x12B)
[0325/164244.494:WARNING:pe_image_reader.cc(340)] could not read dos header from C:\Windows\SYSTEM32\Secur32.dll
[0325/164244.494:ERROR:process_memory_win.cc(73)] ReadMemory at 0x7ff840190000 of 64 bytes failed: Kun en del af ReadProcessMemory- eller WriteProcessMemory- anmodningen blev gennemført. (0x12B)
[0325/164244.494:WARNING:pe_image_reader.cc(340)] could not read dos header from C:\Windows\SYSTEM32\USERENV.dll
[0325/164244.494:ERROR:process_memory_win.cc(73)] ReadMemory at 0x7ff8402b0000 of 64 bytes failed: Kun en del af ReadProcessMemory- eller WriteProcessMemory- anmodningen blev gennemført. (0x12B)
[0325/164244.494:WARNING:pe_image_reader.cc(340)] could not read dos header from C:\Windows\System32\profapi.dll
[0325/164244.494:ERROR:process_memory_win.cc(73)] ReadMemory at 0x7ff825b90000 of 64 bytes failed: Kun en del af ReadProcessMemory- eller WriteProcessMemory- anmodningen blev gennemført. (0x12B)
[0325/164244.494:WARNING:pe_image_reader.cc(340)] could not read dos header from C:\Windows\SYSTEM32\UIAutomationCore.DLL
[0325/164244.494:ERROR:process_memory_win.cc(73)] ReadMemory at 0x7ff82a0c0000 of 64 bytes failed: Kun en del af ReadProcessMemory- eller WriteProcessMemory- anmodningen blev gennemført. (0x12B)
[0325/164244.494:WARNING:pe_image_reader.cc(340)] could not read dos header from C:\Windows\SYSTEM32\DWrite.dll
[0325/164244.495:ERROR:process_memory_win.cc(73)] ReadMemory at 0x7ff83b250000 of 64 bytes failed: Kun en del af ReadProcessMemory- eller WriteProcessMemory- anmodningen blev gennemført. (0x12B)
[0325/164244.495:WARNING:pe_image_reader.cc(340)] could not read dos header from C:\Windows\SYSTEM32\WINSPOOL.DRV
[0325/164244.495:ERROR:process_memory_win.cc(73)] ReadMemory at 0x7ff8402e0000 of 64 bytes failed: Kun en del af ReadProcessMemory- eller WriteProcessMemory- anmodningen blev gennemført. (0x12B)
[0325/164244.495:WARNING:pe_image_reader.cc(340)] could not read dos header from C:\Windows\System32\kernel.appcore.dll
[0325/164244.495:ERROR:process_memory_win.cc(73)] ReadMemory at 0x7ff83a220000 of 64 bytes failed: Kun en del af ReadProcessMemory- eller WriteProcessMemory- anmodningen blev gennemført. (0x12B)
[0325/164244.495:WARNING:pe_image_reader.cc(340)] could not read dos header from C:\Windows\SYSTEM32\dbghelp.dll
[0325/164244.495:ERROR:process_memory_win.cc(73)] ReadMemory at 0x7ff83c4c0000 of 64 bytes failed: Kun en del af ReadProcessMemory- eller WriteProcessMemory- anmodningen blev gennemført. (0x12B)
[0325/164244.495:WARNING:pe_image_reader.cc(340)] could not read dos header from C:\Windows\SYSTEM32\WINHTTP.dll
[0325/164244.495:ERROR:process_memory_win.cc(73)] ReadMemory at 0x7ff83bd90000 of 64 bytes failed: Kun en del af ReadProcessMemory- eller WriteProcessMemory- anmodningen blev gennemført. (0x12B)
[0325/164244.495:WARNING:pe_image_reader.cc(340)] could not read dos header from C:\Windows\SYSTEM32\dhcpcsvc.DLL
[0325/164244.495:ERROR:process_memory_win.cc(73)] ReadMemory at 0x7ff841df0000 of 64 bytes failed: Kun en del af ReadProcessMemory- eller WriteProcessMemory- anmodningen blev gennemført. (0x12B)
[0325/164244.495:WARNING:pe_image_reader.cc(340)] could not read dos header from C:\Windows\System32\NSI.dll
[0325/164244.495:ERROR:process_memory_win.cc(73)] ReadMemory at 0x7ff8380b0000 of 64 bytes failed: Kun en del af ReadProcessMemory- eller WriteProcessMemory- anmodningen blev gennemført. (0x12B)
[0325/164244.495:WARNING:pe_image_reader.cc(340)] could not read dos header from C:\Windows\SYSTEM32\WINMMBASE.dll
[0325/164244.495:ERROR:process_memory_win.cc(73)] ReadMemory at 0x7ff840670000 of 64 bytes failed: Kun en del af ReadProcessMemory- eller WriteProcessMemory- anmodningen blev gennemført. (0x12B)
[0325/164244.495:WARNING:pe_image_reader.cc(340)] could not read dos header from C:\Windows\System32\cfgmgr32.dll
[0325/164244.495:ERROR:process_memory_win.cc(73)] ReadMemory at 0x7ff83c300000 of 64 bytes failed: Kun en del af ReadProcessMemory- eller WriteProcessMemory- anmodningen blev gennemført. (0x12B)
[0325/164244.495:WARNING:pe_image_reader.cc(340)] could not read dos header from C:\Windows\SYSTEM32\PROPSYS.dll
[0325/164244.495:ERROR:process_memory_win.cc(73)] ReadMemory at 0x7ff843af0000 of 64 bytes failed: Kun en del af ReadProcessMemory- eller WriteProcessMemory- anmodningen blev gennemført. (0x12B)
[0325/164244.495:WARNING:pe_image_reader.cc(340)] could not read dos header from C:\Windows\System32\shcore.dll
[0325/164244.495:ERROR:process_memory_win.cc(73)] ReadMemory at 0x7ff83fdc0000 of 64 bytes failed: Kun en del af ReadProcessMemory- eller WriteProcessMemory- anmodningen blev gennemført. (0x12B)
[0325/164244.495:WARNING:pe_image_reader.cc(340)] could not read dos header from C:\Windows\SYSTEM32\bcrypt.dll
[0325/164244.496:ERROR:process_memory_win.cc(73)] ReadMemory at 0x7ff840160000 of 64 bytes failed: Kun en del af ReadProcessMemory- eller WriteProcessMemory- anmodningen blev gennemført. (0x12B)
[0325/164244.496:WARNING:pe_image_reader.cc(340)] could not read dos header from C:\Windows\SYSTEM32\SSPICLI.DLL
[0325/164244.496:ERROR:process_memory_win.cc(73)] ReadMemory at 0x7ff83fbf0000 of 64 bytes failed: Kun en del af ReadProcessMemory- eller WriteProcessMemory- anmodningen blev gennemført. (0x12B)
[0325/164244.496:WARNING:pe_image_reader.cc(340)] could not read dos header from C:\Windows\SYSTEM32\CRYPTBASE.DLL
[0325/164244.496:ERROR:process_memory_win.cc(73)] ReadMemory at 0x7ff7ab0b0000 of 64 bytes failed: Kun en del af ReadProcessMemory- eller WriteProcessMemory- anmodningen blev gennemført. (0x12B)
[0325/164244.496:WARNING:pe_image_reader.cc(340)] could not read dos header from C:\Program Files (x86)\Google\Chrome\Application\chrome.exe
[0325/164244.496:ERROR:process_memory_win.cc(73)] ReadMemory at 0x7ff843f60000 of 64 bytes failed: Kun en del af ReadProcessMemory- eller WriteProcessMemory- anmodningen blev gennemført. (0x12B)
[0325/164244.496:WARNING:pe_image_reader.cc(340)] could not read dos header from C:\Windows\SYSTEM32\ntdll.dll
[0325/164244.496:ERROR:process_memory_win.cc(73)] ReadMemory at 0x7ff8436f0000 of 64 bytes failed: Kun en del af ReadProcessMemory- eller WriteProcessMemory- anmodningen blev gennemført. (0x12B)
[0325/164244.496:WARNING:pe_image_reader.cc(340)] could not read dos header from C:\Windows\System32\KERNEL32.DLL
[0325/164244.496:ERROR:process_memory_win.cc(73)] ReadMemory at 0x7ff840320000 of 64 bytes failed: Kun en del af ReadProcessMemory- eller WriteProcessMemory- anmodningen blev gennemført. (0x12B)
[0325/164244.496:WARNING:pe_image_reader.cc(340)] could not read dos header from C:\Windows\System32\KERNELBASE.dll
[0325/164244.496:ERROR:process_memory_win.cc(73)] ReadMemory at 0x7ffff61c0000 of 64 bytes failed: Kun en del af ReadProcessMemory- eller WriteProcessMemory- anmodningen blev gennemført. (0x12B)
[0325/164244.496:WARNING:pe_image_reader.cc(340)] could not read dos header from C:\Program Files (x86)\Google\Chrome\Application\80.0.3987.149\chrome_elf.dll
[0325/164244.496:ERROR:process_memory_win.cc(73)] ReadMemory at 0x7ff836780000 of 64 bytes failed: Kun en del af ReadProcessMemory- eller WriteProcessMemory- anmodningen blev gennemført. (0x12B)
[0325/164244.496:WARNING:pe_image_reader.cc(340)] could not read dos header from C:\Windows\SYSTEM32\VERSION.dll
[0325/164244.496:ERROR:process_memory_win.cc(73)] ReadMemory at 0x7ff841f60000 of 64 bytes failed: Kun en del af ReadProcessMemory- eller WriteProcessMemory- anmodningen blev gennemført. (0x12B)
[0325/164244.496:WARNING:pe_image_reader.cc(340)] could not read dos header from C:\Windows\System32\msvcrt.dll
[0325/164244.496:ERROR:process_memory_win.cc(73)] ReadMemory at 0x7ff8406c0000 of 64 bytes failed: Kun en del af ReadProcessMemory- eller WriteProcessMemory- anmodningen blev gennemført. (0x12B)
[0325/164244.496:WARNING:pe_image_reader.cc(340)] could not read dos header from C:\Windows\System32\bcryptPrimitives.dll
[0325/164244.496:ERROR:process_memory_win.cc(73)] ReadMemory at 0x7ff8413f0000 of 64 bytes failed: Kun en del af ReadProcessMemory- eller WriteProcessMemory- anmodningen blev gennemført. (0x12B)
[0325/164244.496:WARNING:pe_image_reader.cc(340)] could not read dos header from C:\Windows\System32\ADVAPI32.dll
[0325/164244.496:ERROR:process_memory_win.cc(73)] ReadMemory at 0x7ff8414a0000 of 64 bytes failed: Kun en del af ReadProcessMemory- eller WriteProcessMemory- anmodningen blev gennemført. (0x12B)
[0325/164244.497:WARNING:pe_image_reader.cc(340)] could not read dos header from C:\Windows\System32\sechost.dll
[0325/164244.497:ERROR:process_memory_win.cc(73)] ReadMemory at 0x7ff841cc0000 of 64 bytes failed: Kun en del af ReadProcessMemory- eller WriteProcessMemory- anmodningen blev gennemført. (0x12B)
[0325/164244.497:WARNING:pe_image_reader.cc(340)] could not read dos header from C:\Windows\System32\RPCRT4.dll
[0325/164244.497:ERROR:process_memory_win.cc(73)] ReadMemory at 0x7fffea820000 of 64 bytes failed: Kun en del af ReadProcessMemory- eller WriteProcessMemory- anmodningen blev gennemført. (0x12B)
[0325/164244.497:WARNING:pe_image_reader.cc(340)] could not read dos header from C:\Program Files (x86)\Google\Chrome\Application\80.0.3987.149\chrome.dll
[0325/164244.497:ERROR:process_memory_win.cc(73)] ReadMemory at 0x7ff843630000 of 64 bytes failed: Kun en del af ReadProcessMemory- eller WriteProcessMemory- anmodningen blev gennemført. (0x12B)
[0325/164244.497:WARNING:pe_image_reader.cc(340)] could not read dos header from C:\Windows\System32\WS2_32.dll
[0325/164244.497:ERROR:process_memory_win.cc(73)] ReadMemory at 0x7ff8417a0000 of 64 bytes failed: Kun en del af ReadProcessMemory- eller WriteProcessMemory- anmodningen blev gennemført. (0x12B)
[0325/164244.497:WARNING:pe_image_reader.cc(340)] could not read dos header from C:\Windows\System32\OLEAUT32.dll
[0325/164244.497:ERROR:process_memory_win.cc(73)] ReadMemory at 0x7ff840bd0000 of 64 bytes failed: Kun en del af ReadProcessMemory- eller WriteProcessMemory- anmodningen blev gennemført. (0x12B)
[0325/164244.497:WARNING:pe_image_reader.cc(340)] could not read dos header from C:\Windows\System32\msvcp_win.dll
[0325/164244.497:ERROR:process_memory_win.cc(73)] ReadMemory at 0x7ff8408e0000 of 64 bytes failed: Kun en del af ReadProcessMemory- eller WriteProcessMemory- anmodningen blev gennemført. (0x12B)
[0325/164244.497:WARNING:pe_image_reader.cc(340)] could not read dos header from C:\Windows\System32\ucrtbase.dll
[0325/164244.497:ERROR:process_memory_win.cc(73)] ReadMemory at 0x7ff843c00000 of 64 bytes failed: Kun en del af ReadProcessMemory- eller WriteProcessMemory- anmodningen blev gennemført. (0x12B)
[0325/164244.497:WARNING:pe_image_reader.cc(340)] could not read dos header from C:\Windows\System32\combase.dll
[0325/164244.497:ERROR:process_memory_win.cc(73)] ReadMemory at 0x7ff841380000 of 64 bytes failed: Kun en del af ReadProcessMemory- eller WriteProcessMemory- anmodningen blev gennemført. (0x12B)
[0325/164244.497:WARNING:pe_image_reader.cc(340)] could not read dos header from C:\Windows\System32\WINTRUST.dll
[0325/164244.497:ERROR:process_memory_win.cc(73)] ReadMemory at 0x7ff840300000 of 64 bytes failed: Kun en del af ReadProcessMemory- eller WriteProcessMemory- anmodningen blev gennemført. (0x12B)
[0325/164244.497:WARNING:pe_image_reader.cc(340)] could not read dos header from C:\Windows\System32\MSASN1.dll
[0325/164244.498:ERROR:process_memory_win.cc(73)] ReadMemory at 0x7ff8409e0000 of 64 bytes failed: Kun en del af ReadProcessMemory- eller WriteProcessMemory- anmodningen blev gennemført. (0x12B)
[0325/164244.498:WARNING:pe_image_reader.cc(340)] could not read dos header from C:\Windows\System32\CRYPT32.dll
[0325/164244.498:ERROR:process_memory_win.cc(73)] ReadMemory at 0x7ff83f7f0000 of 64 bytes failed: Kun en del af ReadProcessMemory- eller WriteProcessMemory- anmodningen blev gennemført. (0x12B)
[0325/164244.498:WARNING:pe_image_reader.cc(340)] could not read dos header from C:\Windows\SYSTEM32\IPHLPAPI.DLL
[0325/164244.498:ERROR:process_memory_win.cc(73)] ReadMemory at 0x7ff8380e0000 of 64 bytes failed: Kun en del af ReadProcessMemory- eller WriteProcessMemory- anmodningen blev gennemført. (0x12B)
[0325/164244.498:WARNING:pe_image_reader.cc(340)] could not read dos header from C:\Windows\SYSTEM32\WINMM.dll
[0325/164244.498:ERROR:process_memory_win.cc(73)] ReadMemory at 0x7ff838900000 of 64 bytes failed: Kun en del af ReadProcessMemory- eller WriteProcessMemory- anmodningen blev gennemført. (0x12B)
[0325/164244.498:WARNING:pe_image_reader.cc(340)] could not read dos header from C:\Windows\SYSTEM32\Secur32.dll
[0325/164244.498:ERROR:process_memory_win.cc(73)] ReadMemory at 0x7ff840190000 of 64 bytes failed: Kun en del af ReadProcessMemory- eller WriteProcessMemory- anmodningen blev gennemført. (0x12B)
[0325/164244.498:WARNING:pe_image_reader.cc(340)] could not read dos header from C:\Windows\SYSTEM32\USERENV.dll
[0325/164244.498:ERROR:process_memory_win.cc(73)] ReadMemory at 0x7ff8402b0000 of 64 bytes failed: Kun en del af ReadProcessMemory- eller WriteProcessMemory- anmodningen blev gennemført. (0x12B)
[0325/164244.498:WARNING:pe_image_reader.cc(340)] could not read dos header from C:\Windows\System32\profapi.dll
[0325/164244.498:ERROR:process_memory_win.cc(73)] ReadMemory at 0x7ff825b90000 of 64 bytes failed: Kun en del af ReadProcessMemory- eller WriteProcessMemory- anmodningen blev gennemført. (0x12B)
[0325/164244.498:WARNING:pe_image_reader.cc(340)] could not read dos header from C:\Windows\SYSTEM32\UIAutomationCore.DLL
[0325/164244.498:ERROR:process_memory_win.cc(73)] ReadMemory at 0x7ff82a0c0000 of 64 bytes failed: Kun en del af ReadProcessMemory- eller WriteProcessMemory- anmodningen blev gennemført. (0x12B)
[0325/164244.498:WARNING:pe_image_reader.cc(340)] could not read dos header from C:\Windows\SYSTEM32\DWrite.dll
[0325/164244.498:ERROR:process_memory_win.cc(73)] ReadMemory at 0x7ff83b250000 of 64 bytes failed: Kun en del af ReadProcessMemory- eller WriteProcessMemory- anmodningen blev gennemført. (0x12B)
[0325/164244.498:WARNING:pe_image_reader.cc(340)] could not read dos header from C:\Windows\SYSTEM32\WINSPOOL.DRV
[0325/164244.498:ERROR:process_memory_win.cc(73)] ReadMemory at 0x7ff8402e0000 of 64 bytes failed: Kun en del af ReadProcessMemory- eller WriteProcessMemory- anmodningen blev gennemført. (0x12B)
[0325/164244.498:WARNING:pe_image_reader.cc(340)] could not read dos header from C:\Windows\System32\kernel.appcore.dll
[0325/164244.498:ERROR:process_memory_win.cc(73)] ReadMemory at 0x7ff83a220000 of 64 bytes failed: Kun en del af ReadProcessMemory- eller WriteProcessMemory- anmodningen blev gennemført. (0x12B)
[0325/164244.498:WARNING:pe_image_reader.cc(340)] could not read dos header from C:\Windows\SYSTEM32\dbghelp.dll
[0325/164244.499:ERROR:process_memory_win.cc(73)] ReadMemory at 0x7ff83c4c0000 of 64 bytes failed: Kun en del af ReadProcessMemory- eller WriteProcessMemory- anmodningen blev gennemført. (0x12B)
[0325/164244.499:WARNING:pe_image_reader.cc(340)] could not read dos header from C:\Windows\SYSTEM32\WINHTTP.dll
[0325/164244.499:ERROR:process_memory_win.cc(73)] ReadMemory at 0x7ff83bd90000 of 64 bytes failed: Kun en del af ReadProcessMemory- eller WriteProcessMemory- anmodningen blev gennemført. (0x12B)
[0325/164244.499:WARNING:pe_image_reader.cc(340)] could not read dos header from C:\Windows\SYSTEM32\dhcpcsvc.DLL
[0325/164244.499:ERROR:process_memory_win.cc(73)] ReadMemory at 0x7ff841df0000 of 64 bytes failed: Kun en del af ReadProcessMemory- eller WriteProcessMemory- anmodningen blev gennemført. (0x12B)
[0325/164244.499:WARNING:pe_image_reader.cc(340)] could not read dos header from C:\Windows\System32\NSI.dll
[0325/164244.499:ERROR:process_memory_win.cc(73)] ReadMemory at 0x7ff8380b0000 of 64 bytes failed: Kun en del af ReadProcessMemory- eller WriteProcessMemory- anmodningen blev gennemført. (0x12B)
[0325/164244.499:WARNING:pe_image_reader.cc(340)] could not read dos header from C:\Windows\SYSTEM32\WINMMBASE.dll
[0325/164244.499:ERROR:process_memory_win.cc(73)] ReadMemory at 0x7ff840670000 of 64 bytes failed: Kun en del af ReadProcessMemory- eller WriteProcessMemory- anmodningen blev gennemført. (0x12B)
[0325/164244.499:WARNING:pe_image_reader.cc(340)] could not read dos header from C:\Windows\System32\cfgmgr32.dll
[0325/164244.499:ERROR:process_memory_win.cc(73)] ReadMemory at 0x7ff83c300000 of 64 bytes failed: Kun en del af ReadProcessMemory- eller WriteProcessMemory- anmodningen blev gennemført. (0x12B)
[0325/164244.499:WARNING:pe_image_reader.cc(340)] could not read dos header from C:\Windows\SYSTEM32\PROPSYS.dll
[0325/164244.499:ERROR:process_memory_win.cc(73)] ReadMemory at 0x7ff843af0000 of 64 bytes failed: Kun en del af ReadProcessMemory- eller WriteProcessMemory- anmodningen blev gennemført. (0x12B)
[0325/164244.499:WARNING:pe_image_reader.cc(340)] could not read dos header from C:\Windows\System32\shcore.dll
[0325/164244.499:ERROR:process_memory_win.cc(73)] ReadMemory at 0x7ff83fdc0000 of 64 bytes failed: Kun en del af ReadProcessMemory- eller WriteProcessMemory- anmodningen blev gennemført. (0x12B)
[0325/164244.499:WARNING:pe_image_reader.cc(340)] could not read dos header from C:\Windows\SYSTEM32\bcrypt.dll
[0325/164244.499:ERROR:process_memory_win.cc(73)] ReadMemory at 0x7ff840160000 of 64 bytes failed: Kun en del af ReadProcessMemory- eller WriteProcessMemory- anmodningen blev gennemført. (0x12B)
[0325/164244.499:WARNING:pe_image_reader.cc(340)] could not read dos header from C:\Windows\SYSTEM32\SSPICLI.DLL
[0325/164244.499:ERROR:process_memory_win.cc(73)] ReadMemory at 0x7ff83fbf0000 of 64 bytes failed: Kun en del af ReadProcessMemory- eller WriteProcessMemory- anmodningen blev gennemført. (0x12B)
[0325/164244.499:WARNING:pe_image_reader.cc(340)] could not read dos header from C:\Windows\SYSTEM32\CRYPTBASE.DLL
[0325/164244.508:ERROR:process_memory_win.cc(73)] ReadMemory at 0x4eea9f9000 of 28672 bytes failed: Kun en del af ReadProcessMemory- eller WriteProcessMemory- anmodningen blev gennemført. (0x12B)
[0325/164244.509:ERROR:process_memory_win.cc(73)] ReadMemory at 0x4eeb1fd000 of 12288 bytes failed: Kun en del af ReadProcessMemory- eller WriteProcessMemory- anmodningen blev gennemført. (0x12B)
[0325/164244.509:ERROR:process_memory_win.cc(73)] ReadMemory at 0x4eeb9fd000 of 12288 bytes failed: Kun en del af ReadProcessMemory- eller WriteProcessMemory- anmodningen blev gennemført. (0x12B)
[0325/164244.509:ERROR:process_memory_win.cc(73)] ReadMemory at 0x4eec1fd000 of 12288 bytes failed: Kun en del af ReadProcessMemory- eller WriteProcessMemory- anmodningen blev gennemført. (0x12B)
[0325/164244.509:ERROR:process_memory_win.cc(73)] ReadMemory at 0x4eec9fc000 of 16384 bytes failed: Kun en del af ReadProcessMemory- eller WriteProcessMemory- anmodningen blev gennemført. (0x12B)
[0325/164244.509:ERROR:process_memory_win.cc(73)] ReadMemory at 0x4eed1fe000 of 8192 bytes failed: Kun en del af ReadProcessMemory- eller WriteProcessMemory- anmodningen blev gennemført. (0x12B)
[0325/164244.509:ERROR:process_memory_win.cc(73)] ReadMemory at 0x4eed9fd000 of 12288 bytes failed: Kun en del af ReadProcessMemory- eller WriteProcessMemory- anmodningen blev gennemført. (0x12B)
[0325/164244.509:ERROR:process_memory_win.cc(73)] ReadMemory at 0x4eee1fd000 of 12288 bytes failed: Kun en del af ReadProcessMemory- eller WriteProcessMemory- anmodningen blev gennemført. (0x12B)
[0325/164244.509:ERROR:process_memory_win.cc(73)] ReadMemory at 0x4eee9fd000 of 12288 bytes failed: Kun en del af ReadProcessMemory- eller WriteProcessMemory- anmodningen blev gennemført. (0x12B)
[0325/164244.509:ERROR:process_memory_win.cc(73)] ReadMemory at 0x4eef1fd000 of 12288 bytes failed: Kun en del af ReadProcessMemory- eller WriteProcessMemory- anmodningen blev gennemført. (0x12B)
[0325/164244.510:ERROR:process_memory_win.cc(73)] ReadMemory at 0x4eef9fd000 of 12288 bytes failed: Kun en del af ReadProcessMemory- eller WriteProcessMemory- anmodningen blev gennemført. (0x12B)
[0325/164244.510:ERROR:process_memory_win.cc(73)] ReadMemory at 0x4ef01fd000 of 12288 bytes failed: Kun en del af ReadProcessMemory- eller WriteProcessMemory- anmodningen blev gennemført. (0x12B)
[0325/164244.510:ERROR:process_memory_win.cc(73)] ReadMemory at 0x4ef09fd000 of 12288 bytes failed: Kun en del af ReadProcessMemory- eller WriteProcessMemory- anmodningen blev gennemført. (0x12B)
[0325/164244.510:ERROR:process_memory_win.cc(73)] ReadMemory at 0x4ef11ff000 of 4096 bytes failed: Kun en del af ReadProcessMemory- eller WriteProcessMemory- anmodningen blev gennemført. (0x12B)
[0325/164244.510:ERROR:process_memory_win.cc(73)] ReadMemory at 0x4eea115000 of 852 bytes failed: Kun en del af ReadProcessMemory- eller WriteProcessMemory- anmodningen blev gennemført. (0x12B)
[0325/164244.510:ERROR:process_memory_win.cc(73)] ReadMemory at 0x4eea116000 of 6024 bytes failed: Kun en del af ReadProcessMemory- eller WriteProcessMemory- anmodningen blev gennemført. (0x12B)
[0325/164244.510:ERROR:process_memory_win.cc(73)] ReadMemory at 0x4eea118000 of 6024 bytes failed: Kun en del af ReadProcessMemory- eller WriteProcessMemory- anmodningen blev gennemført. (0x12B)
[0325/164244.510:ERROR:process_memory_win.cc(73)] ReadMemory at 0x4eea11a000 of 6024 bytes failed: Kun en del af ReadProcessMemory- eller WriteProcessMemory- anmodningen blev gennemført. (0x12B)
[0325/164244.510:ERROR:process_memory_win.cc(73)] ReadMemory at 0x4eea11c000 of 6024 bytes failed: Kun en del af ReadProcessMemory- eller WriteProcessMemory- anmodningen blev gennemført. (0x12B)
[0325/164244.511:ERROR:process_memory_win.cc(73)] ReadMemory at 0x4eea11e000 of 6024 bytes failed: Kun en del af ReadProcessMemory- eller WriteProcessMemory- anmodningen blev gennemført. (0x12B)
[0325/164244.511:ERROR:process_memory_win.cc(73)] ReadMemory at 0x4eea120000 of 6024 bytes failed: Kun en del af ReadProcessMemory- eller WriteProcessMemory- anmodningen blev gennemført. (0x12B)
[0325/164244.511:ERROR:process_memory_win.cc(73)] ReadMemory at 0x4eea122000 of 6024 bytes failed: Kun en del af ReadProcessMemory- eller WriteProcessMemory- anmodningen blev gennemført. (0x12B)
[0325/164244.511:ERROR:process_memory_win.cc(73)] ReadMemory at 0x4eea124000 of 6024 bytes failed: Kun en del af ReadProcessMemory- eller WriteProcessMemory- anmodningen blev gennemført. (0x12B)
[0325/164244.511:ERROR:process_memory_win.cc(73)] ReadMemory at 0x4eea126000 of 6024 bytes failed: Kun en del af ReadProcessMemory- eller WriteProcessMemory- anmodningen blev gennemført. (0x12B)
[0325/164244.511:ERROR:process_memory_win.cc(73)] ReadMemory at 0x4eea128000 of 6024 bytes failed: Kun en del af ReadProcessMemory- eller WriteProcessMemory- anmodningen blev gennemført. (0x12B)
[0325/164244.511:ERROR:process_memory_win.cc(73)] ReadMemory at 0x4eea12a000 of 6024 bytes failed: Kun en del af ReadProcessMemory- eller WriteProcessMemory- anmodningen blev gennemført. (0x12B)
[0325/164244.511:ERROR:process_memory_win.cc(73)] ReadMemory at 0x4eea12c000 of 6024 bytes failed: Kun en del af ReadProcessMemory- eller WriteProcessMemory- anmodningen blev gennemført. (0x12B)
[0325/164244.511:ERROR:process_memory_win.cc(73)] ReadMemory at 0x4eea12e000 of 6024 bytes failed: Kun en del af ReadProcessMemory- eller WriteProcessMemory- anmodningen blev gennemført. (0x12B)
[0325/164244.512:ERROR:process_memory_win.cc(73)] ReadMemory at 0x4eea130000 of 6024 bytes failed: Kun en del af ReadProcessMemory- eller WriteProcessMemory- anmodningen blev gennemført. (0x12B)
[0325/164244.512:ERROR:process_memory_win.cc(73)] ReadMemory at 0x23a320b0e80 of 512 bytes failed: Kun en del af ReadProcessMemory- eller WriteProcessMemory- anmodningen blev gennemført. (0x12B)
[0325/164244.512:ERROR:process_memory_win.cc(73)] ReadMemory at 0x23a320b2680 of 512 bytes failed: Kun en del af ReadProcessMemory- eller WriteProcessMemory- anmodningen blev gennemført. (0x12B)
[0325/164244.512:ERROR:process_memory_win.cc(73)] ReadMemory at 0x23a320d0fc0 of 17068 bytes failed: Kun en del af ReadProcessMemory- eller WriteProcessMemory- anmodningen blev gennemført. (0x12B)
[0325/164244.512:ERROR:process_memory_win.cc(73)] ReadMemory at 0x23a320d5280 of 1012 bytes failed: Kun en del af ReadProcessMemory- eller WriteProcessMemory- anmodningen blev gennemført. (0x12B)
[0325/164244.512:ERROR:process_memory_win.cc(73)] ReadMemory at 0x23a320d5898 of 118 bytes failed: Kun en del af ReadProcessMemory- eller WriteProcessMemory- anmodningen blev gennemført. (0x12B)
[0325/164244.512:ERROR:process_memory_win.cc(73)] ReadMemory at 0x23a320d5910 of 746 bytes failed: Kun en del af ReadProcessMemory- eller WriteProcessMemory- anmodningen blev gennemført. (0x12B)
[0325/164244.512:ERROR:process_memory_win.cc(73)] ReadMemory at 0x23a320d5bfc of 118 bytes failed: Kun en del af ReadProcessMemory- eller WriteProcessMemory- anmodningen blev gennemført. (0x12B)
[0325/164244.512:ERROR:process_memory_win.cc(73)] ReadMemory at 0x23a320d5c74 of 96 bytes failed: Kun en del af ReadProcessMemory- eller WriteProcessMemory- anmodningen blev gennemført. (0x12B)
[0325/164244.512:ERROR:process_memory_win.cc(73)] ReadMemory at 0x23a320d5ce0 of 58 bytes failed: Kun en del af ReadProcessMemory- eller WriteProcessMemory- anmodningen blev gennemført. (0x12B)
[0325/164244.512:ERROR:process_memory_win.cc(73)] ReadMemory at 0x23a320d5de0 of 132 bytes failed: Kun en del af ReadProcessMemory- eller WriteProcessMemory- anmodningen blev gennemført. (0x12B)
[0325/164244.513:ERROR:process_memory_win.cc(73)] ReadMemory at 0x23a320d5f70 of 132 bytes failed: Kun en del af ReadProcessMemory- eller WriteProcessMemory- anmodningen blev gennemført. (0x12B)
[0325/164244.513:ERROR:process_memory_win.cc(73)] ReadMemory at 0x23a320d6130 of 126 bytes failed: Kun en del af ReadProcessMemory- eller WriteProcessMemory- anmodningen blev gennemført. (0x12B)
[0325/164244.513:ERROR:process_memory_win.cc(73)] ReadMemory at 0x23a320d6510 of 132 bytes failed: Kun en del af ReadProcessMemory- eller WriteProcessMemory- anmodningen blev gennemført. (0x12B)
[0325/164244.513:ERROR:process_memory_win.cc(73)] ReadMemory at 0x23a320d66a0 of 64 bytes failed: Kun en del af ReadProcessMemory- eller WriteProcessMemory- anmodningen blev gennemført. (0x12B)
[0325/164244.513:ERROR:process_memory_win.cc(73)] ReadMemory at 0x23a320d66f0 of 132 bytes failed: Kun en del af ReadProcessMemory- eller WriteProcessMemory- anmodningen blev gennemført. (0x12B)
[0325/164244.513:ERROR:process_memory_win.cc(73)] ReadMemory at 0x23a320d6860 of 132 bytes failed: Kun en del af ReadProcessMemory- eller WriteProcessMemory- anmodningen blev gennemført. (0x12B)
[0325/164244.513:ERROR:process_memory_win.cc(73)] ReadMemory at 0x23a320d6af0 of 132 bytes failed: Kun en del af ReadProcessMemory- eller WriteProcessMemory- anmodningen blev gennemført. (0x12B)
[0325/164244.513:ERROR:process_memory_win.cc(73)] ReadMemory at 0x23a320d6c80 of 68 bytes failed: Kun en del af ReadProcessMemory- eller WriteProcessMemory- anmodningen blev gennemført. (0x12B)
[0325/164244.513:ERROR:process_memory_win.cc(73)] ReadMemory at 0x23a320d7b10 of 132 bytes failed: Kun en del af ReadProcessMemory- eller WriteProcessMemory- anmodningen blev gennemført. (0x12B)
[0325/164244.513:ERROR:process_memory_win.cc(73)] ReadMemory at 0x23a320d7ca0 of 154 bytes failed: Kun en del af ReadProcessMemory- eller WriteProcessMemory- anmodningen blev gennemført. (0x12B)
[0325/164244.513:ERROR:process_memory_win.cc(73)] ReadMemory at 0x23a320d87f0 of 132 bytes failed: Kun en del af ReadProcessMemory- eller WriteProcessMemory- anmodningen blev gennemført. (0x12B)
[0325/164244.513:ERROR:process_memory_win.cc(73)] ReadMemory at 0x23a320d9110 of 132 bytes failed: Kun en del af ReadProcessMemory- eller WriteProcessMemory- anmodningen blev gennemført. (0x12B)
[0325/164244.514:ERROR:process_memory_win.cc(73)] ReadMemory at 0x23a320d9c20 of 146 bytes failed: Kun en del af ReadProcessMemory- eller WriteProcessMemory- anmodningen blev gennemført. (0x12B)
[0325/164244.514:ERROR:process_memory_win.cc(73)] ReadMemory at 0x23a320d9cf0 of 62 bytes failed: Kun en del af ReadProcessMemory- eller WriteProcessMemory- anmodningen blev gennemført. (0x12B)
[0325/164244.514:ERROR:process_memory_win.cc(73)] ReadMemory at 0x23a320d9e50 of 132 bytes failed: Kun en del af ReadProcessMemory- eller WriteProcessMemory- anmodningen blev gennemført. (0x12B)
[0325/164244.514:ERROR:process_memory_win.cc(73)] ReadMemory at 0x23a320d9f80 of 60 bytes failed: Kun en del af ReadProcessMemory- eller WriteProcessMemory- anmodningen blev gennemført. (0x12B)
[0325/164244.514:ERROR:process_memory_win.cc(73)] ReadMemory at 0x23a320da84c of 512 bytes failed: Kun en del af ReadProcessMemory- eller WriteProcessMemory- anmodningen blev gennemført. (0x12B)
[0325/164244.514:ERROR:process_memory_win.cc(73)] ReadMemory at 0x23a320dd7e0 of 132 bytes failed: Kun en del af ReadProcessMemory- eller WriteProcessMemory- anmodningen blev gennemført. (0x12B)
[0325/164244.514:ERROR:process_memory_win.cc(73)] ReadMemory at 0x23a320dd910 of 132 bytes failed: Kun en del af ReadProcessMemory- eller WriteProcessMemory- anmodningen blev gennemført. (0x12B)
[0325/164244.514:ERROR:process_memory_win.cc(73)] ReadMemory at 0x23a320ddaa0 of 80 bytes failed: Kun en del af ReadProcessMemory- eller WriteProcessMemory- anmodningen blev gennemført. (0x12B)
[0325/164244.514:ERROR:process_memory_win.cc(73)] ReadMemory at 0x23a320ddc40 of 60 bytes failed: Kun en del af ReadProcessMemory- eller WriteProcessMemory- anmodningen blev gennemført. (0x12B)
[0325/164244.514:ERROR:process_memory_win.cc(73)] ReadMemory at 0x23a320ddce0 of 62 bytes failed: Kun en del af ReadProcessMemory- eller WriteProcessMemory- anmodningen blev gennemført. (0x12B)
[0325/164244.514:ERROR:process_memory_win.cc(73)] ReadMemory at 0x23a320ddd30 of 62 bytes failed: Kun en del af ReadProcessMemory- eller WriteProcessMemory- anmodningen blev gennemført. (0x12B)
[0325/164244.514:ERROR:process_memory_win.cc(73)] ReadMemory at 0x23a320ddd80 of 64 bytes failed: Kun en del af ReadProcessMemory- eller WriteProcessMemory- anmodningen blev gennemført. (0x12B)
[0325/164244.515:ERROR:process_memory_win.cc(73)] ReadMemory at 0x23a320dde20 of 64 bytes failed: Kun en del af ReadProcessMemory- eller WriteProcessMemory- anmodningen blev gennemført. (0x12B)
[0325/164244.515:ERROR:process_memory_win.cc(73)] ReadMemory at 0x23a320ddec0 of 62 bytes failed: Kun en del af ReadProcessMemory- eller WriteProcessMemory- anmodningen blev gennemført. (0x12B)
[0325/164244.515:ERROR:process_memory_win.cc(73)] ReadMemory at 0x23a320ddf10 of 64 bytes failed: Kun en del af ReadProcessMemory- eller WriteProcessMemory- anmodningen blev gennemført. (0x12B)
[0325/164244.515:ERROR:process_memory_win.cc(73)] ReadMemory at 0x23a320ddf60 of 64 bytes failed: Kun en del af ReadProcessMemory- eller WriteProcessMemory- anmodningen blev gennemført. (0x12B)
[0325/164244.515:ERROR:process_memory_win.cc(73)] ReadMemory at 0x23a320ddfb0 of 60 bytes failed: Kun en del af ReadProcessMemory- eller WriteProcessMemory- anmodningen blev gennemført. (0x12B)
[0325/164244.515:ERROR:process_memory_win.cc(73)] ReadMemory at 0x23a320de000 of 62 bytes failed: Kun en del af ReadProcessMemory- eller WriteProcessMemory- anmodningen blev gennemført. (0x12B)
[0325/164244.515:ERROR:process_memory_win.cc(73)] ReadMemory at 0x23a320de050 of 62 bytes failed: Kun en del af ReadProcessMemory- eller WriteProcessMemory- anmodningen blev gennemført. (0x12B)
[0325/164244.515:ERROR:process_memory_win.cc(73)] ReadMemory at 0x23a320de0a0 of 62 bytes failed: Kun en del af ReadProcessMemory- eller WriteProcessMemory- anmodningen blev gennemført. (0x12B)
[0325/164244.515:ERROR:process_memory_win.cc(73)] ReadMemory at 0x23a320de0f0 of 64 bytes failed: Kun en del af ReadProcessMemory- eller WriteProcessMemory- anmodningen blev gennemført. (0x12B)
[0325/164244.515:ERROR:process_memory_win.cc(73)] ReadMemory at 0x23a320de140 of 60 bytes failed: Kun en del af ReadProcessMemory- eller WriteProcessMemory- anmodningen blev gennemført. (0x12B)
[0325/164244.515:ERROR:process_memory_win.cc(73)] ReadMemory at 0x23a320de190 of 62 bytes failed: Kun en del af ReadProcessMemory- eller WriteProcessMemory- anmodningen blev gennemført. (0x12B)
[0325/164244.515:ERROR:process_memory_win.cc(73)] ReadMemory at 0x23a320de1e0 of 66 bytes failed: Kun en del af ReadProcessMemory- eller WriteProcessMemory- anmodningen blev gennemført. (0x12B)
[0325/164244.515:ERROR:process_memory_win.cc(73)] ReadMemory at 0x23a320de230 of 64 bytes failed: Kun en del af ReadProcessMemory- eller WriteProcessMemory- anmodningen blev gennemført. (0x12B)
[0325/164244.516:ERROR:process_memory_win.cc(73)] ReadMemory at 0x23a320de280 of 58 bytes failed: Kun en del af ReadProcessMemory- eller WriteProcessMemory- anmodningen blev gennemført. (0x12B)
[0325/164244.516:ERROR:process_memory_win.cc(73)] ReadMemory at 0x23a320de320 of 60 bytes failed: Kun en del af ReadProcessMemory- eller WriteProcessMemory- anmodningen blev gennemført. (0x12B)
[0325/164244.516:ERROR:process_memory_win.cc(73)] ReadMemory at 0x23a320de370 of 62 bytes failed: Kun en del af ReadProcessMemory- eller WriteProcessMemory- anmodningen blev gennemført. (0x12B)
[0325/164244.516:ERROR:process_memory_win.cc(73)] ReadMemory at 0x23a320deb70 of 60 bytes failed: Kun en del af ReadProcessMemory- eller WriteProcessMemory- anmodningen blev gennemført. (0x12B)
[0325/164244.516:ERROR:process_memory_win.cc(73)] ReadMemory at 0x23a320dec10 of 64 bytes failed: Kun en del af ReadProcessMemory- eller WriteProcessMemory- anmodningen blev gennemført. (0x12B)
[0325/164244.516:ERROR:process_memory_win.cc(73)] ReadMemory at 0x23a320dec60 of 66 bytes failed: Kun en del af ReadProcessMemory- eller WriteProcessMemory- anmodningen blev gennemført. (0x12B)
[0325/164244.516:ERROR:process_memory_win.cc(73)] ReadMemory at 0x23a320df110 of 60 bytes failed: Kun en del af ReadProcessMemory- eller WriteProcessMemory- anmodningen blev gennemført. (0x12B)
[0325/164244.516:ERROR:process_memory_win.cc(73)] ReadMemory at 0x23a320df250 of 62 bytes failed: Kun en del af ReadProcessMemory- eller WriteProcessMemory- anmodningen blev gennemført. (0x12B)
[0325/164244.516:ERROR:process_memory_win.cc(73)] ReadMemory at 0x23a320df340 of 62 bytes failed: Kun en del af ReadProcessMemory- eller WriteProcessMemory- anmodningen blev gennemført. (0x12B)
[0325/164244.516:ERROR:process_memory_win.cc(73)] ReadMemory at 0x23a320df6b0 of 64 bytes failed: Kun en del af ReadProcessMemory- eller WriteProcessMemory- anmodningen blev gennemført. (0x12B)
[0325/164244.516:ERROR:process_memory_win.cc(73)] ReadMemory at 0x23a320e12b0 of 54 bytes failed: Kun en del af ReadProcessMemory- eller WriteProcessMemory- anmodningen blev gennemført. (0x12B)
[0325/164244.516:ERROR:process_memory_win.cc(73)] ReadMemory at 0x23a320e21d0 of 76 bytes failed: Kun en del af ReadProcessMemory- eller WriteProcessMemory- anmodningen blev gennemført. (0x12B)
[0325/164244.516:ERROR:process_memory_win.cc(73)] ReadMemory at 0x23a320e2b90 of 80 bytes failed: Kun en del af ReadProcessMemory- eller WriteProcessMemory- anmodningen blev gennemført. (0x12B)
[0325/164244.517:ERROR:process_memory_win.cc(73)] ReadMemory at 0x23a320e31a0 of 132 bytes failed: Kun en del af ReadProcessMemory- eller WriteProcessMemory- anmodningen blev gennemført. (0x12B)
[0325/164244.517:ERROR:process_memory_win.cc(73)] ReadMemory at 0x23a320e33c0 of 132 bytes failed: Kun en del af ReadProcessMemory- eller WriteProcessMemory- anmodningen blev gennemført. (0x12B)
[0325/164244.517:ERROR:process_memory_win.cc(73)] ReadMemory at 0x23a320e3a60 of 132 bytes failed: Kun en del af ReadProcessMemory- eller WriteProcessMemory- anmodningen blev gennemført. (0x12B)
[0325/164244.517:ERROR:process_memory_win.cc(73)] ReadMemory at 0x23a320e3b90 of 132 bytes failed: Kun en del af ReadProcessMemory- eller WriteProcessMemory- anmodningen blev gennemført. (0x12B)
[0325/164244.517:ERROR:process_memory_win.cc(73)] ReadMemory at 0x23a320e83c0 of 132 bytes failed: Kun en del af ReadProcessMemory- eller WriteProcessMemory- anmodningen blev gennemført. (0x12B)
[0325/164244.517:ERROR:process_memory_win.cc(73)] ReadMemory at 0x23a320e84f0 of 132 bytes failed: Kun en del af ReadProcessMemory- eller WriteProcessMemory- anmodningen blev gennemført. (0x12B)
[0325/164244.517:ERROR:process_memory_win.cc(73)] ReadMemory at 0x23a320e8620 of 132 bytes failed: Kun en del af ReadProcessMemory- eller WriteProcessMemory- anmodningen blev gennemført. (0x12B)
[0325/164244.517:ERROR:process_memory_win.cc(73)] ReadMemory at 0x23a320e8750 of 132 bytes failed: Kun en del af ReadProcessMemory- eller WriteProcessMemory- anmodningen blev gennemført. (0x12B)
[0325/164244.517:ERROR:process_memory_win.cc(73)] ReadMemory at 0x23a320e8880 of 132 bytes failed: Kun en del af ReadProcessMemory- eller WriteProcessMemory- anmodningen blev gennemført. (0x12B)
[0325/164244.517:ERROR:process_memory_win.cc(73)] ReadMemory at 0x23a320e8c70 of 132 bytes failed: Kun en del af ReadProcessMemory- eller WriteProcessMemory- anmodningen blev gennemført. (0x12B)
[0325/164244.517:ERROR:process_memory_win.cc(73)] ReadMemory at 0x23a320eaa10 of 132 bytes failed: Kun en del af ReadProcessMemory- eller WriteProcessMemory- anmodningen blev gennemført. (0x12B)
[0325/164244.517:ERROR:process_memory_win.cc(73)] ReadMemory at 0x23a320eab40 of 132 bytes failed: Kun en del af ReadProcessMemory- eller WriteProcessMemory- anmodningen blev gennemført. (0x12B)
[0325/164244.518:ERROR:process_memory_win.cc(73)] ReadMemory at 0x23a320eac70 of 132 bytes failed: Kun en del af ReadProcessMemory- eller WriteProcessMemory- anmodningen blev gennemført. (0x12B)
[0325/164244.518:ERROR:process_memory_win.cc(73)] ReadMemory at 0x23a320eada0 of 132 bytes failed: Kun en del af ReadProcessMemory- eller WriteProcessMemory- anmodningen blev gennemført. (0x12B)
[0325/164244.518:ERROR:process_memory_win.cc(73)] ReadMemory at 0x23a320eb000 of 132 bytes failed: Kun en del af ReadProcessMemory- eller WriteProcessMemory- anmodningen blev gennemført. (0x12B)
[0325/164244.518:ERROR:process_memory_win.cc(73)] ReadMemory at 0x23a320eb130 of 132 bytes failed: Kun en del af ReadProcessMemory- eller WriteProcessMemory- anmodningen blev gennemført. (0x12B)
[0325/164244.518:ERROR:process_memory_win.cc(73)] ReadMemory at 0x23a320eb4c0 of 132 bytes failed: Kun en del af ReadProcessMemory- eller WriteProcessMemory- anmodningen blev gennemført. (0x12B)
[0325/164244.518:ERROR:process_memory_win.cc(73)] ReadMemory at 0x23a320eb5f0 of 132 bytes failed: Kun en del af ReadProcessMemory- eller WriteProcessMemory- anmodningen blev gennemført. (0x12B)
[0325/164244.518:ERROR:process_memory_win.cc(73)] ReadMemory at 0x23a320eb720 of 132 bytes failed: Kun en del af ReadProcessMemory- eller WriteProcessMemory- anmodningen blev gennemført. (0x12B)
[0325/164244.518:ERROR:process_memory_win.cc(73)] ReadMemory at 0x23a320ebab0 of 132 bytes failed: Kun en del af ReadProcessMemory- eller WriteProcessMemory- anmodningen blev gennemført. (0x12B)
[0325/164244.518:ERROR:process_memory_win.cc(73)] ReadMemory at 0x23a320ebbe0 of 132 bytes failed: Kun en del af ReadProcessMemory- eller WriteProcessMemory- anmodningen blev gennemført. (0x12B)
[0325/164244.518:ERROR:process_memory_win.cc(73)] ReadMemory at 0x23a320ebe40 of 132 bytes failed: Kun en del af ReadProcessMemory- eller WriteProcessMemory- anmodningen blev gennemført. (0x12B)
[0325/164244.518:ERROR:process_memory_win.cc(73)] ReadMemory at 0x23a320ebf70 of 132 bytes failed: Kun en del af ReadProcessMemory- eller WriteProcessMemory- anmodningen blev gennemført. (0x12B)
[0325/164244.518:ERROR:process_memory_win.cc(73)] ReadMemory at 0x23a320ec0a0 of 132 bytes failed: Kun en del af ReadProcessMemory- eller WriteProcessMemory- anmodningen blev gennemført. (0x12B)
[0325/164244.519:ERROR:process_memory_win.cc(73)] ReadMemory at 0x23a320ec300 of 132 bytes failed: Kun en del af ReadProcessMemory- eller WriteProcessMemory- anmodningen blev gennemført. (0x12B)
[0325/164244.519:ERROR:process_memory_win.cc(73)] ReadMemory at 0x23a320ec690 of 132 bytes failed: Kun en del af ReadProcessMemory- eller WriteProcessMemory- anmodningen blev gennemført. (0x12B)
[0325/164244.519:ERROR:process_memory_win.cc(73)] ReadMemory at 0x23a320ec7c0 of 132 bytes failed: Kun en del af ReadProcessMemory- eller WriteProcessMemory- anmodningen blev gennemført. (0x12B)
[0325/164244.519:ERROR:process_memory_win.cc(73)] ReadMemory at 0x23a32101510 of 512 bytes failed: Kun en del af ReadProcessMemory- eller WriteProcessMemory- anmodningen blev gennemført. (0x12B)
[0325/164244.519:ERROR:process_memory_win.cc(73)] ReadMemory at 0x23a32102470 of 512 bytes failed: Kun en del af ReadProcessMemory- eller WriteProcessMemory- anmodningen blev gennemført. (0x12B)
[0325/164244.520:ERROR:process_memory_win.cc(73)] ReadMemory at 0x23a32416d70 of 992 bytes failed: Kun en del af ReadProcessMemory- eller WriteProcessMemory- anmodningen blev gennemført. (0x12B)
[0325/164244.520:ERROR:process_memory_win.cc(73)] ReadMemory at 0x23a324321c0 of 512 bytes failed: Kun en del af ReadProcessMemory- eller WriteProcessMemory- anmodningen blev gennemført. (0x12B)
[0325/164244.520:ERROR:process_memory_win.cc(73)] ReadMemory at 0x23a32442bf0 of 712 bytes failed: Kun en del af ReadProcessMemory- eller WriteProcessMemory- anmodningen blev gennemført. (0x12B)
[0325/164244.520:ERROR:process_memory_win.cc(73)] ReadMemory at 0x23a324433c8 of 512 bytes failed: Kun en del af ReadProcessMemory- eller WriteProcessMemory- anmodningen blev gennemført. (0x12B)
[0325/164244.520:ERROR:process_memory_win.cc(73)] ReadMemory at 0x23a32443a88 of 512 bytes failed: Kun en del af ReadProcessMemory- eller WriteProcessMemory- anmodningen blev gennemført. (0x12B)
[0325/164244.520:ERROR:process_memory_win.cc(73)] ReadMemory at 0x23a32444ad8 of 512 bytes failed: Kun en del af ReadProcessMemory- eller WriteProcessMemory- anmodningen blev gennemført. (0x12B)
[0325/164244.520:ERROR:process_memory_win.cc(73)] ReadMemory at 0x23a3244bf50 of 512 bytes failed: Kun en del af ReadProcessMemory- eller WriteProcessMemory- anmodningen blev gennemført. (0x12B)
[0325/164244.520:ERROR:process_memory_win.cc(73)] ReadMemory at 0x23a3426c2b0 of 512 bytes failed: Kun en del af ReadProcessMemory- eller WriteProcessMemory- anmodningen blev gennemført. (0x12B)
[0325/164244.520:ERROR:process_memory_win.cc(73)] ReadMemory at 0x23a34356ee0 of 512 bytes failed: Kun en del af ReadProcessMemory- eller WriteProcessMemory- anmodningen blev gennemført. (0x12B)
[0325/164244.520:ERROR:process_memory_win.cc(73)] ReadMemory at 0x23a34358dc0 of 512 bytes failed: Kun en del af ReadProcessMemory- eller WriteProcessMemory- anmodningen blev gennemført. (0x12B)
[0325/164244.520:ERROR:process_memory_win.cc(73)] ReadMemory at 0x23a34382ac8 of 512 bytes failed: Kun en del af ReadProcessMemory- eller WriteProcessMemory- anmodningen blev gennemført. (0x12B)
[0325/164244.520:ERROR:process_memory_win.cc(73)] ReadMemory at 0x23a343eb5a0 of 512 bytes failed: Kun en del af ReadProcessMemory- eller WriteProcessMemory- anmodningen blev gennemført. (0x12B)
[0325/164244.520:ERROR:process_memory_win.cc(73)] ReadMemory at 0x23a343ec200 of 512 bytes failed: Kun en del af ReadProcessMemory- eller WriteProcessMemory- anmodningen blev gennemført. (0x12B)
[0325/164244.521:ERROR:process_memory_win.cc(73)] ReadMemory at 0x23a343ee5c0 of 512 bytes failed: Kun en del af ReadProcessMemory- eller WriteProcessMemory- anmodningen blev gennemført. (0x12B)
[0325/164244.521:ERROR:process_memory_win.cc(73)] ReadMemory at 0x23a359dcb30 of 784 bytes failed: Kun en del af ReadProcessMemory- eller WriteProcessMemory- anmodningen blev gennemført. (0x12B)
[0325/164244.521:ERROR:process_memory_win.cc(73)] ReadMemory at 0x7ff843f879f0 of 512 bytes failed: Kun en del af ReadProcessMemory- eller WriteProcessMemory- anmodningen blev gennemført. (0x12B)
[0325/164244.521:ERROR:process_memory_win.cc(73)] ReadMemory at 0x7ff843f882e0 of 512 bytes failed: Kun en del af ReadProcessMemory- eller WriteProcessMemory- anmodningen blev gennemført. (0x12B)
[0325/164244.521:ERROR:process_memory_win.cc(73)] ReadMemory at 0x7ff843f8a0d0 of 512 bytes failed: Kun en del af ReadProcessMemory- eller WriteProcessMemory- anmodningen blev gennemført. (0x12B)
[0325/164244.521:ERROR:process_memory_win.cc(73)] ReadMemory at 0x7ff843fd35f0 of 512 bytes failed: Kun en del af ReadProcessMemory- eller WriteProcessMemory- anmodningen blev gennemført. (0x12B)
[0325/164244.521:ERROR:process_memory_win.cc(73)] ReadMemory at 0x7ff843ffa9a4 of 672 bytes failed: Kun en del af ReadProcessMemory- eller WriteProcessMemory- anmodningen blev gennemført. (0x12B)
[0325/164244.521:ERROR:process_memory_win.cc(73)] ReadMemory at 0x7ff843ffafa4 of 512 bytes failed: Kun en del af ReadProcessMemory- eller WriteProcessMemory- anmodningen blev gennemført. (0x12B)
[0325/164244.521:ERROR:process_memory_win.cc(73)] ReadMemory at 0x7ff843ffe214 of 608 bytes failed: Kun en del af ReadProcessMemory- eller WriteProcessMemory- anmodningen blev gennemført. (0x12B)
[0325/164244.521:ERROR:process_memory_win.cc(73)] ReadMemory at 0x7ff8440802e0 of 18 bytes failed: Kun en del af ReadProcessMemory- eller WriteProcessMemory- anmodningen blev gennemført. (0x12B)
[0325/164244.521:ERROR:process_memory_win.cc(73)] ReadMemory at 0x7ff8440b65b0 of 40 bytes failed: Kun en del af ReadProcessMemory- eller WriteProcessMemory- anmodningen blev gennemført. (0x12B)
[0325/164244.521:ERROR:process_memory_win.cc(73)] ReadMemory at 0x7ff8440b6a08 of 48 bytes failed: Kun en del af ReadProcessMemory- eller WriteProcessMemory- anmodningen blev gennemført. (0x12B)
[0325/164244.521:ERROR:process_memory_win.cc(73)] ReadMemory at 0x7ff8440bc360 of 64 bytes failed: Kun en del af ReadProcessMemory- eller WriteProcessMemory- anmodningen blev gennemført. (0x12B)
[0325/164244.522:ERROR:process_memory_win.cc(73)] ReadMemory at 0x7fffecdd04c0 of 652 bytes failed: Kun en del af ReadProcessMemory- eller WriteProcessMemory- anmodningen blev gennemført. (0x12B)
[0325/164244.522:ERROR:process_memory_win.cc(73)] ReadMemory at 0x7fffed47e98e of 553 bytes failed: Kun en del af ReadProcessMemory- eller WriteProcessMemory- anmodningen blev gennemført. (0x12B)
[0325/164244.523:ERROR:scoped_process_suspend.cc(40)] NtResumeProcess: Der blev foretaget et forsøg på at få adgang til en eksisterende proces. (0xc000010a)
